<?xml version="1.0" encoding="UTF-8"?>
<!-- Generated by org.testng.reporters.JUnitReportReporter -->
<testsuite hostname="Pratiksha" failures="0" tests="13" name="restassured.RestassuredApi" time="6.542" errors="0" timestamp="2023-02-15T00:02:20 GMT-05:00" skipped="10">
  <testcase classname="restassured.RestassuredApi" name="DELAYED_RESPONSE" time="5.512"/>
  <system-out/>
  <testcase classname="restassured.RestassuredApi" name="SINGLE_RESOURCE_NotFound" time="0.236"/>
  <system-out/>
  <testcase classname="restassured.RestassuredApi" name="Singleuser" time="0.794"/>
  <system-out/>
  <testcase classname="restassured.RestassuredApi" name="testcase6">
    <skipped/>
  </testcase> <!-- testcase6 -->
  <system-out/>
  <testcase classname="restassured.RestassuredApi" name="Listusers2">
    <skipped/>
  </testcase> <!-- Listusers2 -->
  <system-out/>
  <testcase classname="restassured.RestassuredApi" name="SINGLE_USER_NOT_FOUND">
    <skipped/>
  </testcase> <!-- SINGLE_USER_NOT_FOUND -->
  <system-out/>
  <testcase classname="restassured.RestassuredApi" name="Created">
    <skipped/>
  </testcase> <!-- Created -->
  <system-out/>
  <testcase classname="restassured.RestassuredApi" name="REGISTER_SUCCESSFUL">
    <skipped/>
  </testcase> <!-- REGISTER_SUCCESSFUL -->
  <system-out/>
  <testcase classname="restassured.RestassuredApi" name="LIST_RESOURCE">
    <skipped/>
  </testcase> <!-- LIST_RESOURCE -->
  <system-out/>
  <testcase classname="restassured.RestassuredApi" name="Listuser1">
    <skipped/>
  </testcase> <!-- Listuser1 -->
  <system-out/>
  <testcase classname="restassured.RestassuredApi" name="SINGLE_RESOURCE">
    <skipped/>
  </testcase> <!-- SINGLE_RESOURCE -->
  <system-out/>
  <testcase classname="restassured.RestassuredApi" name="Delete">
    <skipped/>
  </testcase> <!-- Delete -->
  <system-out/>
  <testcase classname="restassured.RestassuredApi" name="Update">
    <skipped/>
  </testcase> <!-- Update -->
  <system-out/>
</testsuite> <!-- restassured.RestassuredApi -->
