<?xml version="1.0" encoding="UTF-8"?>
<!-- Generated by org.testng.reporters.JUnitReportReporter -->
<testsuite hostname="Pratiksha" failures="0" tests="2" name="restassured.trellodemo" time="4.487" errors="0" timestamp="2023-02-14T23:37:41 GMT-05:00" skipped="0">
  <testcase classname="restassured.trellodemo" name="create_boards" time="3.755"/>
  <system-out/>
  <testcase classname="restassured.trellodemo" name="update_boards" time="0.732"/>
  <system-out/>
</testsuite> <!-- restassured.trellodemo -->
