<?xml version="1.0" encoding="UTF-8"?>
<!-- Generated by org.testng.reporters.JUnitReportReporter -->
<testsuite hostname="Pratiksha" failures="0" tests="8" name="GroceryStoreApi.Grocerystore" time="3.212" errors="0" timestamp="2023-02-06T15:28:51 GMT-05:00" skipped="7">
  <testcase classname="GroceryStoreApi.Grocerystore" name="GetCartItems" time="3.212"/>
  <system-out/>
  <testcase classname="GroceryStoreApi.Grocerystore" name="Getallproducts">
    <skipped/>
  </testcase> <!-- Getallproducts -->
  <system-out/>
  <testcase classname="GroceryStoreApi.Grocerystore" name="CreateCart">
    <skipped/>
  </testcase> <!-- CreateCart -->
  <system-out/>
  <testcase classname="GroceryStoreApi.Grocerystore" name="GetCart">
    <skipped/>
  </testcase> <!-- GetCart -->
  <system-out/>
  <testcase classname="GroceryStoreApi.Grocerystore" name="GetSingleproduct">
    <skipped/>
  </testcase> <!-- GetSingleproduct -->
  <system-out/>
  <testcase classname="GroceryStoreApi.Grocerystore" name="Apistatus">
    <skipped/>
  </testcase> <!-- Apistatus -->
  <system-out/>
  <testcase classname="GroceryStoreApi.Grocerystore" name="AddItemtocart">
    <skipped/>
  </testcase> <!-- AddItemtocart -->
  <system-out/>
  <testcase classname="GroceryStoreApi.Grocerystore" name="Updatequantity">
    <skipped/>
  </testcase> <!-- Updatequantity -->
  <system-out/>
</testsuite> <!-- GroceryStoreApi.Grocerystore -->
